# JRE version: Java(TM) SE Runtime Environment (8.0_131-b11) (build 1.8.0_131-b11)
# Java VM: Java HotSpot(TM) 64-Bit Server VM (25.131-b11 mixed mode bsd-amd64 compressed oops)
Heap:
 PSYoungGen      total 20480K, used 11574K [0x00000007aab00000, 0x00000007ac380000, 0x00000007c0000000)
  eden space 15872K, 71% used [0x00000007aab00000,0x00000007ab625bf8,0x00000007aba80000)
  from space 4608K, 3% used [0x00000007abf00000,0x00000007abf28000,0x00000007ac380000)
  to   space 4608K, 0% used [0x00000007aba80000,0x00000007aba80000,0x00000007abf00000)
 ParOldGen       total 33280K, used 15940K [0x0000000780000000, 0x0000000782080000, 0x00000007aab00000)
  object space 33280K, 47% used [0x0000000780000000,0x0000000780f913e0,0x0000000782080000)
 Metaspace       used 23095K, capacity 24232K, committed 24448K, reserved 1071104K
  class space    used 3083K, capacity 3371K, committed 3456K, reserved 1048576K
GC Heap History (10 events):
Event: 2831.984 GC heap before
{Heap before GC invocations=23 (full 1):
 PSYoungGen      total 16384K, used 16064K [0x00000007aab00000, 0x00000007ac580000, 0x00000007c0000000)
  eden space 15872K, 100% used [0x00000007aab00000,0x00000007aba80000,0x00000007aba80000)
  from space 512K, 37% used [0x00000007aba80000,0x00000007abab0000,0x00000007abb00000)
  to   space 5632K, 0% used [0x00000007ac000000,0x00000007ac000000,0x00000007ac580000)
 ParOldGen       total 33280K, used 15916K [0x0000000780000000, 0x0000000782080000, 0x00000007aab00000)
  object space 33280K, 47% used [0x0000000780000000,0x0000000780f8b3e0,0x0000000782080000)
 Metaspace       used 23084K, capacity 24230K, committed 24448K, reserved 1071104K
  class space    used 3082K, capacity 3370K, committed 3456K, reserved 1048576K
Event: 2831.986 GC heap after
Heap after GC invocations=23 (full 1):
 PSYoungGen      total 21504K, used 192K [0x00000007aab00000, 0x00000007ac580000, 0x00000007c0000000)
  eden space 15872K, 0% used [0x00000007aab00000,0x00000007aab00000,0x00000007aba80000)
  from space 5632K, 3% used [0x00000007ac000000,0x00000007ac030000,0x00000007ac580000)
  to   space 5632K, 0% used [0x00000007aba80000,0x00000007aba80000,0x00000007ac000000)
 ParOldGen       total 33280K, used 15916K [0x0000000780000000, 0x0000000782080000, 0x00000007aab00000)
  object space 33280K, 47% used [0x0000000780000000,0x0000000780f8b3e0,0x0000000782080000)
 Metaspace       used 23084K, capacity 24230K, committed 24448K, reserved 1071104K
  class space    used 3082K, capacity 3370K, committed 3456K, reserved 1048576K
}
Event: 3017.223 GC heap before
{Heap before GC invocations=24 (full 1):
 PSYoungGen      total 21504K, used 16064K [0x00000007aab00000, 0x00000007ac580000, 0x00000007c0000000)
  eden space 15872K, 100% used [0x00000007aab00000,0x00000007aba80000,0x00000007aba80000)
  from space 5632K, 3% used [0x00000007ac000000,0x00000007ac030000,0x00000007ac580000)
  to   space 5632K, 0% used [0x00000007aba80000,0x00000007aba80000,0x00000007ac000000)
 ParOldGen       total 33280K, used 15916K [0x0000000780000000, 0x0000000782080000, 0x00000007aab00000)
  object space 33280K, 47% used [0x0000000780000000,0x0000000780f8b3e0,0x0000000782080000)
 Metaspace       used 23084K, capacity 24230K, committed 24448K, reserved 1071104K
  class space    used 3082K, capacity 3370K, committed 3456K, reserved 1048576K
Event: 3017.226 GC heap after
Heap after GC invocations=24 (full 1):
 PSYoungGen      total 16384K, used 192K [0x00000007aab00000, 0x00000007ac480000, 0x00000007c0000000)
  eden space 15872K, 0% used [0x00000007aab00000,0x00000007aab00000,0x00000007aba80000)
  from space 512K, 37% used [0x00000007aba80000,0x00000007abab0000,0x00000007abb00000)
  to   space 5120K, 0% used [0x00000007abf80000,0x00000007abf80000,0x00000007ac480000)
 ParOldGen       total 33280K, used 15916K [0x0000000780000000, 0x0000000782080000, 0x00000007aab00000)
  object space 33280K, 47% used [0x0000000780000000,0x0000000780f8b3e0,0x0000000782080000)
 Metaspace       used 23084K, capacity 24230K, committed 24448K, reserved 1071104K
  class space    used 3082K, capacity 3370K, committed 3456K, reserved 1048576K
}
Event: 3203.301 GC heap before
{Heap before GC invocations=25 (full 1):
 PSYoungGen      total 16384K, used 16064K [0x00000007aab00000, 0x00000007ac480000, 0x00000007c0000000)
  eden space 15872K, 100% used [0x00000007aab00000,0x00000007aba80000,0x00000007aba80000)
  from space 512K, 37% used [0x00000007aba80000,0x00000007abab0000,0x00000007abb00000)
  to   space 5120K, 0% used [0x00000007abf80000,0x00000007abf80000,0x00000007ac480000)
 ParOldGen       total 33280K, used 15916K [0x0000000780000000, 0x0000000782080000, 0x00000007aab00000)
  object space 33280K, 47% used [0x0000000780000000,0x0000000780f8b3e0,0x0000000782080000)
 Metaspace       used 23084K, capacity 24230K, committed 24448K, reserved 1071104K
  class space    used 3082K, capacity 3370K, committed 3456K, reserved 1048576K
Event: 3203.303 GC heap after
Heap after GC invocations=25 (full 1):
 PSYoungGen      total 20992K, used 192K [0x00000007aab00000, 0x00000007ac480000, 0x00000007c0000000)
  eden space 15872K, 0% used [0x00000007aab00000,0x00000007aab00000,0x00000007aba80000)
  from space 5120K, 3% used [0x00000007abf80000,0x00000007abfb0000,0x00000007ac480000)
  to   space 5120K, 0% used [0x00000007aba80000,0x00000007aba80000,0x00000007abf80000)
 ParOldGen       total 33280K, used 15916K [0x0000000780000000, 0x0000000782080000, 0x00000007aab00000)
  object space 33280K, 47% used [0x0000000780000000,0x0000000780f8b3e0,0x0000000782080000)
 Metaspace       used 23084K, capacity 24230K, committed 24448K, reserved 1071104K
  class space    used 3082K, capacity 3370K, committed 3456K, reserved 1048576K
}
Event: 3389.976 GC heap before
{Heap before GC invocations=26 (full 1):
 PSYoungGen      total 20992K, used 16064K [0x00000007aab00000, 0x00000007ac480000, 0x00000007c0000000)
  eden space 15872K, 100% used [0x00000007aab00000,0x00000007aba80000,0x00000007aba80000)
  from space 5120K, 3% used [0x00000007abf80000,0x00000007abfb0000,0x00000007ac480000)
  to   space 5120K, 0% used [0x00000007aba80000,0x00000007aba80000,0x00000007abf80000)
 ParOldGen       total 33280K, used 15916K [0x0000000780000000, 0x0000000782080000, 0x00000007aab00000)
  object space 33280K, 47% used [0x0000000780000000,0x0000000780f8b3e0,0x0000000782080000)
 Metaspace       used 23084K, capacity 24230K, committed 24448K, reserved 1071104K
  class space    used 3082K, capacity 3370K, committed 3456K, reserved 1048576K
Event: 3389.979 GC heap after
Heap after GC invocations=26 (full 1):
 PSYoungGen      total 16384K, used 192K [0x00000007aab00000, 0x00000007ac380000, 0x00000007c0000000)
  eden space 15872K, 0% used [0x00000007aab00000,0x00000007aab00000,0x00000007aba80000)
  from space 512K, 37% used [0x00000007aba80000,0x00000007abab0000,0x00000007abb00000)
  to   space 4608K, 0% used [0x00000007abf00000,0x00000007abf00000,0x00000007ac380000)
 ParOldGen       total 33280K, used 15932K [0x0000000780000000, 0x0000000782080000, 0x00000007aab00000)
  object space 33280K, 47% used [0x0000000780000000,0x0000000780f8f3e0,0x0000000782080000)
 Metaspace       used 23084K, capacity 24230K, committed 24448K, reserved 1071104K
  class space    used 3082K, capacity 3370K, committed 3456K, reserved 1048576K
}
Event: 3576.494 GC heap before
{Heap before GC invocations=27 (full 1):
 PSYoungGen      total 16384K, used 16064K [0x00000007aab00000, 0x00000007ac380000, 0x00000007c0000000)
  eden space 15872K, 100% used [0x00000007aab00000,0x00000007aba80000,0x00000007aba80000)
  from space 512K, 37% used [0x00000007aba80000,0x00000007abab0000,0x00000007abb00000)
  to   space 4608K, 0% used [0x00000007abf00000,0x00000007abf00000,0x00000007ac380000)
 ParOldGen       total 33280K, used 15932K [0x0000000780000000, 0x0000000782080000, 0x00000007aab00000)
  object space 33280K, 47% used [0x0000000780000000,0x0000000780f8f3e0,0x0000000782080000)
 Metaspace       used 23084K, capacity 24230K, committed 24448K, reserved 1071104K
  class space    used 3082K, capacity 3370K, committed 3456K, reserved 1048576K
Event: 3576.497 GC heap after
Heap after GC invocations=27 (full 1):
 PSYoungGen      total 20480K, used 160K [0x00000007aab00000, 0x00000007ac380000, 0x00000007c0000000)
  eden space 15872K, 0% used [0x00000007aab00000,0x00000007aab00000,0x00000007aba80000)
  from space 4608K, 3% used [0x00000007abf00000,0x00000007abf28000,0x00000007ac380000)
  to   space 4608K, 0% used [0x00000007aba80000,0x00000007aba80000,0x00000007abf00000)
 ParOldGen       total 33280K, used 15940K [0x0000000780000000, 0x0000000782080000, 0x00000007aab00000)
  object space 33280K, 47% used [0x0000000780000000,0x0000000780f913e0,0x0000000782080000)
 Metaspace       used 23084K, capacity 24230K, committed 24448K, reserved 1071104K
  class space    used 3082K, capacity 3370K, committed 3456K, reserved 1048576K
}

